checking whether windres works... yes
x264 configure script
Command line options: "--disable-asm" "--disable-opencl" "--disable-thread" "--disable-avs"

checking whether gcc works... yes
checking whether gcc supports for( int i = 0; i < 9; i++ ); with -std=gnu99... yes
checking for return log2f(2); in math.h... yes
checking for sws_init_context(0,0,0); in libswscale/swscale.h... no
Failed commandline was:
--------------------------------------------------
gcc conftest.c -m32  -Wall -I. -I$(SRCPATH) -std=gnu99  -lswscale -lavutil  -m32   -Wl,--large-address-aware -Wl,--nxcompat -Wl,--dynamicbase -o conftest
conftest.c:1:32: fatal error: libswscale/swscale.h: No such file or directory
compilation terminated.
--------------------------------------------------
Failed program was:
--------------------------------------------------
#include <libswscale/swscale.h>
int main () { sws_init_context(0,0,0); return 0; }
--------------------------------------------------
checking for -lpostproc... no
Failed commandline was:
--------------------------------------------------
gcc conftest.c -m32  -Wall -I. -I$(SRCPATH) -std=gnu99 -lpostproc  -m32   -Wl,--large-address-aware -Wl,--nxcompat -Wl,--dynamicbase -o conftest
c:/mingw/bin/../lib/gcc/mingw32/4.6.1/../../../../mingw32/bin/ld.exe: cannot find -lpostproc
collect2: ld returned 1 exit status
--------------------------------------------------
Failed program was:
--------------------------------------------------
int main () {  return 0; }
--------------------------------------------------
checking for -lavcodec... no
Failed commandline was:
--------------------------------------------------
gcc conftest.c -m32  -Wall -I. -I$(SRCPATH) -std=gnu99 -lavcodec  -m32   -Wl,--large-address-aware -Wl,--nxcompat -Wl,--dynamicbase -o conftest
c:/mingw/bin/../lib/gcc/mingw32/4.6.1/../../../../mingw32/bin/ld.exe: cannot find -lavcodec
collect2: ld returned 1 exit status
--------------------------------------------------
Failed program was:
--------------------------------------------------
int main () {  return 0; }
--------------------------------------------------
checking for -lavcore... no
Failed commandline was:
--------------------------------------------------
gcc conftest.c -m32  -Wall -I. -I$(SRCPATH) -std=gnu99 -lavcore  -m32   -Wl,--large-address-aware -Wl,--nxcompat -Wl,--dynamicbase -o conftest
c:/mingw/bin/../lib/gcc/mingw32/4.6.1/../../../../mingw32/bin/ld.exe: cannot find -lavcore
collect2: ld returned 1 exit status
--------------------------------------------------
Failed program was:
--------------------------------------------------
int main () {  return 0; }
--------------------------------------------------
checking for -lswscale... no
Failed commandline was:
--------------------------------------------------
gcc conftest.c -m32  -Wall -I. -I$(SRCPATH) -std=gnu99 -lswscale  -m32   -Wl,--large-address-aware -Wl,--nxcompat -Wl,--dynamicbase -o conftest
c:/mingw/bin/../lib/gcc/mingw32/4.6.1/../../../../mingw32/bin/ld.exe: cannot find -lswscale
collect2: ld returned 1 exit status
--------------------------------------------------
Failed program was:
--------------------------------------------------
int main () {  return 0; }
--------------------------------------------------
checking for -lavutil... no
Failed commandline was:
--------------------------------------------------
gcc conftest.c -m32  -Wall -I. -I$(SRCPATH) -std=gnu99 -lavutil  -m32   -Wl,--large-address-aware -Wl,--nxcompat -Wl,--dynamicbase -o conftest
c:/mingw/bin/../lib/gcc/mingw32/4.6.1/../../../../mingw32/bin/ld.exe: cannot find -lavutil
collect2: ld returned 1 exit status
--------------------------------------------------
Failed program was:
--------------------------------------------------
int main () {  return 0; }
--------------------------------------------------
checking for -lm... yes
checking for -lz... no
Failed commandline was:
--------------------------------------------------
gcc conftest.c -m32  -Wall -I. -I$(SRCPATH) -std=gnu99 -lz  -m32   -Wl,--large-address-aware -Wl,--nxcompat -Wl,--dynamicbase -o conftest
c:/mingw/bin/../lib/gcc/mingw32/4.6.1/../../../../mingw32/bin/ld.exe: cannot find -lz
collect2: ld returned 1 exit status
--------------------------------------------------
Failed program was:
--------------------------------------------------
int main () {  return 0; }
--------------------------------------------------
checking for -lbz2... no
Failed commandline was:
--------------------------------------------------
gcc conftest.c -m32  -Wall -I. -I$(SRCPATH) -std=gnu99 -lbz2  -m32   -Wl,--large-address-aware -Wl,--nxcompat -Wl,--dynamicbase -o conftest
c:/mingw/bin/../lib/gcc/mingw32/4.6.1/../../../../mingw32/bin/ld.exe: cannot find -lbz2
collect2: ld returned 1 exit status
--------------------------------------------------
Failed program was:
--------------------------------------------------
int main () {  return 0; }
--------------------------------------------------
checking for -lavifil32... yes
checking for avformat_close_input(0); in libavformat/avformat.h... no
Failed commandline was:
--------------------------------------------------
gcc conftest.c -m32  -Wall -I. -I$(SRCPATH) -std=gnu99  -L. -lavformat -lm -lavifil32  -m32   -Wl,--large-address-aware -Wl,--nxcompat -Wl,--dynamicbase -o conftest
conftest.c:1:34: fatal error: libavformat/avformat.h: No such file or directory
compilation terminated.
--------------------------------------------------
Failed program was:
--------------------------------------------------
#include <libavformat/avformat.h>
int main () { avformat_close_input(0); return 0; }
--------------------------------------------------
checking for FFMS_DestroyVideoSource(0); in ffms.h... no
Failed commandline was:
--------------------------------------------------
gcc conftest.c -m32  -Wall -I. -I$(SRCPATH) -std=gnu99  -lffms2  -m32   -Wl,--large-address-aware -Wl,--nxcompat -Wl,--dynamicbase -o conftest
conftest.c:1:18: fatal error: ffms.h: No such file or directory
compilation terminated.
--------------------------------------------------
Failed program was:
--------------------------------------------------
#include <ffms.h>
int main () { FFMS_DestroyVideoSource(0); return 0; }
--------------------------------------------------
checking for FFMS_DestroyVideoSource(0); in ffms.h... no
Failed commandline was:
--------------------------------------------------
gcc conftest.c -m32  -Wall -I. -I$(SRCPATH) -std=gnu99  -lffms2 -lstdc++ -L. -lavformat -lm -lavifil32  -m32   -Wl,--large-address-aware -Wl,--nxcompat -Wl,--dynamicbase -o conftest
conftest.c:1:18: fatal error: ffms.h: No such file or directory
compilation terminated.
--------------------------------------------------
Failed program was:
--------------------------------------------------
#include <ffms.h>
int main () { FFMS_DestroyVideoSource(0); return 0; }
--------------------------------------------------
checking for -lz... no
Failed commandline was:
--------------------------------------------------
gcc conftest.c -m32  -Wall -I. -I$(SRCPATH) -std=gnu99 -lz  -m32   -Wl,--large-address-aware -Wl,--nxcompat -Wl,--dynamicbase -o conftest
c:/mingw/bin/../lib/gcc/mingw32/4.6.1/../../../../mingw32/bin/ld.exe: cannot find -lz
collect2: ld returned 1 exit status
--------------------------------------------------
Failed program was:
--------------------------------------------------
int main () {  return 0; }
--------------------------------------------------
checking for gpac/isomedia.h... no
Failed commandline was:
--------------------------------------------------
gcc conftest.c -m32  -Wall -I. -I$(SRCPATH) -std=gnu99 -lgpac_static -lwinmm  -m32   -Wl,--large-address-aware -Wl,--nxcompat -Wl,--dynamicbase -o conftest
conftest.c:1:27: fatal error: gpac/isomedia.h: No such file or directory
compilation terminated.
--------------------------------------------------
Failed program was:
--------------------------------------------------
#include <gpac/isomedia.h>
int main () {  return 0; }
--------------------------------------------------
checking for uint32_t test_vec __attribute__ ((vector_size (16))) = {0,1,2,3}; in stdint.h... yes
checking for -fno-tree-vectorize... yes
checking for -fno-zero-initialized-in-bss... yes
checking for fseeko(stdin,0,0); in stdio.h... no
Failed commandline was:
--------------------------------------------------
gcc conftest.c -O3 -ffast-math -m32  -Wall -I. -I$(SRCPATH) -std=gnu99 -fomit-frame-pointer -fno-tree-vectorize -fno-zero-initialized-in-bss   -m32   -Wl,--large-address-aware -Wl,--nxcompat -Wl,--dynamicbase -o conftest
conftest.c: In function 'main':
conftest.c:2:1: warning: implicit declaration of function 'fseeko' [-Wimplicit-function-declaration]
D:\Users\kkk\AppData\Local\Temp\ccAiXnSO.o:conftest.c:(.text.startup+0x27): undefined reference to `fseeko'
collect2: ld returned 1 exit status
--------------------------------------------------
Failed program was:
--------------------------------------------------
#include <stdio.h>
int main () { fseeko(stdin,0,0); return 0; }
--------------------------------------------------
checking for fseeko64(stdin,0,0); in stdio.h... yes
checking for -Wshadow... no
Failed commandline was:
--------------------------------------------------
gcc conftest.c -O3 -ffast-math -m32  -Wall -I. -I$(SRCPATH) -std=gnu99 -fomit-frame-pointer -fno-tree-vectorize -fno-zero-initialized-in-bss -Wshadow  -m32   -Wl,--large-address-aware -Wl,--nxcompat -Wl,--dynamicbase -o conftest
c:/mingw/bin/../lib/gcc/mingw32/4.6.1/../../../../mingw32/bin/ld.exe: reopening conftest.exe: Permission denied

c:/mingw/bin/../lib/gcc/mingw32/4.6.1/../../../../mingw32/bin/ld.exe: final link failed: Permission denied
collect2: ld returned 1 exit status
--------------------------------------------------
Failed program was:
--------------------------------------------------
int main () {  return 0; }
--------------------------------------------------

platform:      X86
system:        WINDOWS
cli:           yes
libx264:       internal
shared:        no
static:        no
asm:           no
interlaced:    yes
avs:           no
lavf:          no
ffms:          no
gpac:          no
gpl:           yes
thread:        no
opencl:        no
filters:       crop select_every 
debug:         no
gprof:         no
strip:         no
PIC:           no
visualize:     no
bit depth:     8
chroma format: all
